Started GET "/" for 127.0.0.1 at 2023-09-24 15:11:30 +0300
Processing by Rails::WelcomeController#index as HTML
  Rendering /Users/justastamulionis/.rvm/gems/ruby-3.1.3/gems/railties-7.0.8/lib/rails/templates/rails/welcome/index.html.erb
  Rendered /Users/justastamulionis/.rvm/gems/ruby-3.1.3/gems/railties-7.0.8/lib/rails/templates/rails/welcome/index.html.erb (Duration: 1.8ms | Allocations: 635)
Completed 200 OK in 27ms (Views: 7.4ms | ActiveRecord: 0.0ms | Allocations: 7096)


Started GET "/" for 127.0.0.1 at 2023-09-24 15:13:08 +0300
Processing by Rails::WelcomeController#index as HTML
  Rendering /Users/justastamulionis/.rvm/gems/ruby-3.1.3/gems/railties-7.0.8/lib/rails/templates/rails/welcome/index.html.erb
  Rendered /Users/justastamulionis/.rvm/gems/ruby-3.1.3/gems/railties-7.0.8/lib/rails/templates/rails/welcome/index.html.erb (Duration: 1.8ms | Allocations: 527)
Completed 200 OK in 13ms (Views: 5.3ms | ActiveRecord: 0.0ms | Allocations: 4468)


Started GET "/" for 127.0.0.1 at 2023-09-24 15:16:14 +0300
Processing by HomeController#index as HTML
  Rendering layout layouts/application.html.erb
  Rendering home/index.html.erb within layouts/application
  Rendered home/index.html.erb within layouts/application (Duration: 0.7ms | Allocations: 334)
  Rendered layout layouts/application.html.erb (Duration: 307.7ms | Allocations: 93594)
Completed 200 OK in 317ms (Views: 310.4ms | ActiveRecord: 0.0ms | Allocations: 97717)


Started GET "/" for 127.0.0.1 at 2023-09-24 15:16:22 +0300
Processing by HomeController#index as HTML
  Rendering layout layouts/application.html.erb
  Rendering home/index.html.erb within layouts/application
  Rendered home/index.html.erb within layouts/application (Duration: 0.0ms | Allocations: 9)
  Rendered layout layouts/application.html.erb (Duration: 4.8ms | Allocations: 2478)
Completed 200 OK in 6ms (Views: 5.2ms | ActiveRecord: 0.0ms | Allocations: 2796)


Started GET "/" for 127.0.0.1 at 2023-09-24 15:17:11 +0300
Processing by HomeController#index as HTML
  Rendering layout layouts/application.html.erb
  Rendering home/index.html.erb within layouts/application
  Rendered home/index.html.erb within layouts/application (Duration: 0.4ms | Allocations: 128)
  Rendered layout layouts/application.html.erb (Duration: 4.1ms | Allocations: 2955)
Completed 200 OK in 7ms (Views: 6.3ms | ActiveRecord: 0.0ms | Allocations: 3892)


Started GET "/" for 127.0.0.1 at 2023-09-24 15:17:18 +0300
Processing by HomeController#index as HTML
  Rendering layout layouts/application.html.erb
  Rendering home/index.html.erb within layouts/application
  Rendered home/index.html.erb within layouts/application (Duration: 0.7ms | Allocations: 123)
  Rendered layout layouts/application.html.erb (Duration: 4.6ms | Allocations: 2953)
Completed 200 OK in 7ms (Views: 6.4ms | ActiveRecord: 0.0ms | Allocations: 3884)


